Build started 11/20/2016 5:08:29 PM.
     1>Project "C:\Users\yumao\OneDrive\documents\visual studio 2013\Projects\CUDA_Learn\CUDA_Learn\CUDA_Learn.vcxproj" on node 2 (Build target(s)).
     1>AddCudaCompileDeps:
         C:\Program Files (x86)\Microsoft Visual Studio 12.0\VC\bin\cl.exe /E /nologo /showIncludes /TP /D__CUDACC__ /D_MBCS /I"C:\Program Files\NVIDIA GPU Computing Toolkit\CUDA\v7.5\include" /I"C:\Program Files\NVIDIA GPU Computing Toolkit\CUDA\v7.5\bin" /I"C:\Program Files\NVIDIA GPU Computing Toolkit\CUDA\v7.5\include" /I. /FIcuda_runtime.h /c "C:\Users\yumao\OneDrive\documents\visual studio 2013\Projects\CUDA_Learn\CUDA_Learn\test.cpp" 
       CudaBuild:
         Compiling CUDA source file test.cpp...
         cmd.exe /C "C:\Users\yumao\AppData\Local\Temp\tmp85ce0d13a2cd4d809304aa52eb018600.cmd"
         "C:\Program Files\NVIDIA GPU Computing Toolkit\CUDA\v7.5\bin\nvcc.exe" -gencode=arch=compute_20,code=\"sm_20,compute_20\" --use-local-env --cl-version 2013 -ccbin "C:\Program Files (x86)\Microsoft Visual Studio 12.0\VC\bin"  -I"C:\Program Files\NVIDIA GPU Computing Toolkit\CUDA\v7.5\include" -I"C:\Program Files\NVIDIA GPU Computing Toolkit\CUDA\v7.5\include"     --keep-dir Release -maxrregcount=0  --machine 32 --compile -cudart static     -D_MBCS -Xcompiler "/EHsc /W3 /nologo /O2 /Zi  /MD " -o Release\test.cpp.obj "C:\Users\yumao\OneDrive\documents\visual studio 2013\Projects\CUDA_Learn\CUDA_Learn\test.cpp"
         
         C:\Users\yumao\OneDrive\documents\visual studio 2013\Projects\CUDA_Learn\CUDA_Learn>"C:\Program Files\NVIDIA GPU Computing Toolkit\CUDA\v7.5\bin\nvcc.exe" -gencode=arch=compute_20,code=\"sm_20,compute_20\" --use-local-env --cl-version 2013 -ccbin "C:\Program Files (x86)\Microsoft Visual Studio 12.0\VC\bin"  -I"C:\Program Files\NVIDIA GPU Computing Toolkit\CUDA\v7.5\include" -I"C:\Program Files\NVIDIA GPU Computing Toolkit\CUDA\v7.5\include"     --keep-dir Release -maxrregcount=0  --machine 32 --compile -cudart static     -D_MBCS -Xcompiler "/EHsc /W3 /nologo /O2 /Zi  /MD " -o Release\test.cpp.obj "C:\Users\yumao\OneDrive\documents\visual studio 2013\Projects\CUDA_Learn\CUDA_Learn\test.cpp" 
         test.cpp
       Link:
         C:\Program Files (x86)\Microsoft Visual Studio 12.0\VC\bin\link.exe /ERRORREPORT:PROMPT /OUT:"C:\Users\yumao\onedrive\documents\visual studio 2013\Projects\CUDA_Learn\Release\CUDA_Learn.exe" /NOLOGO /LIBPATH:"C:\Program Files\NVIDIA GPU Computing Toolkit\CUDA\v7.5\lib\Win32" cudart.lib kernel32.lib user32.lib gdi32.lib winspool.lib comdlg32.lib advapi32.lib shell32.lib ole32.lib oleaut32.lib uuid.lib odbc32.lib odbccp32.lib /MANIFEST /MANIFESTUAC:"level='asInvoker' uiAccess='false'" /manifest:embed /DEBUG /PDB:"C:\Users\yumao\onedrive\documents\visual studio 2013\Projects\CUDA_Learn\Release\CUDA_Learn.pdb" /OPT:REF /OPT:ICF /LTCG /TLBID:1 /DYNAMICBASE /NXCOMPAT /IMPLIB:"C:\Users\yumao\onedrive\documents\visual studio 2013\Projects\CUDA_Learn\Release\CUDA_Learn.lib" /MACHINE:X86 /SAFESEH Release\CUDAtest.cu.obj
         Release\test.cpp.obj
         Release\GPUpropertyInspect.obj
         Generating code
         Finished generating code
         CUDA_Learn.vcxproj -> C:\Users\yumao\onedrive\documents\visual studio 2013\Projects\CUDA_Learn\Release\CUDA_Learn.exe
     1>Done Building Project "C:\Users\yumao\OneDrive\documents\visual studio 2013\Projects\CUDA_Learn\CUDA_Learn\CUDA_Learn.vcxproj" (Build target(s)).

Build succeeded.

Time Elapsed 00:00:02.09
